# JRE version: OpenJDK Runtime Environment Temurin-21.0.8+9 (21.0.8+9) (build 21.0.8+9-LTS)
# Java VM: OpenJDK 64-Bit Server VM Temurin-21.0.8+9 (21.0.8+9-LTS, mixed mode, sharing, tiered, compressed oops, compressed class ptrs, parallel gc, windows-amd64)
GC Precious Log:
 CardTable entry size: 512
 CPUs: 16 total, 16 available
 Memory: 32668M
 Large Page Support: Disabled
 NUMA Support: Disabled
 Compressed Oops: Enabled (32-bit)
 Alignments: Space 512K, Generation 512K, Heap 2M
 Heap Min Capacity: 100M
 Heap Initial Capacity: 100M
 Heap Max Capacity: 2G
 Pre-touch: Disabled
 Parallel Workers: 13
Heap:
 PSYoungGen      total 6656K, used 5927K [0x00000000d5580000, 0x00000000d5e80000, 0x0000000100000000)
  eden space 3584K, 98% used [0x00000000d5580000,0x00000000d58f3de8,0x00000000d5900000)
  from space 3072K, 77% used [0x00000000d5900000,0x00000000d5b56000,0x00000000d5c00000)
  to   space 2560K, 60% used [0x00000000d5c00000,0x00000000d5d84ec0,0x00000000d5e80000)
 ParOldGen       total 193536K, used 193130K [0x0000000080000000, 0x000000008bd00000, 0x00000000d5580000)
  object space 193536K, 99% used [0x0000000080000000,0x000000008bc9aac8,0x000000008bd00000)
 Metaspace       used 97077K, committed 98816K, reserved 1179648K
  class space    used 10746K, committed 11584K, reserved 1048576K
GC Heap History (20 events):
Event: 3649.779 GC heap after
{Heap after GC invocations=4030 (full 9):
 PSYoungGen      total 3072K, used 1248K [0x00000000d5580000, 0x00000000d5d80000, 0x0000000100000000)
  eden space 1536K, 0% used [0x00000000d5580000,0x00000000d5580000,0x00000000d5700000)
  from space 1536K, 81% used [0x00000000d5c00000,0x00000000d5d38000,0x00000000d5d80000)
  to   space 2048K, 0% used [0x00000000d5980000,0x00000000d5980000,0x00000000d5b80000)
 ParOldGen       total 182784K, used 176216K [0x0000000080000000, 0x000000008b280000, 0x00000000d5580000)
  object space 182784K, 96% used [0x0000000080000000,0x000000008ac16298,0x000000008b280000)
 Metaspace       used 97077K, committed 98816K, reserved 1179648K
  class space    used 10746K, committed 11584K, reserved 1048576K
}
Event: 3649.782 GC heap before
{Heap before GC invocations=4031 (full 9):
 PSYoungGen      total 3072K, used 2784K [0x00000000d5580000, 0x00000000d5d80000, 0x0000000100000000)
  eden space 1536K, 100% used [0x00000000d5580000,0x00000000d5700000,0x00000000d5700000)
  from space 1536K, 81% used [0x00000000d5c00000,0x00000000d5d38000,0x00000000d5d80000)
  to   space 2048K, 0% used [0x00000000d5980000,0x00000000d5980000,0x00000000d5b80000)
 ParOldGen       total 182784K, used 176216K [0x0000000080000000, 0x000000008b280000, 0x00000000d5580000)
  object space 182784K, 96% used [0x0000000080000000,0x000000008ac16298,0x000000008b280000)
 Metaspace       used 97077K, committed 98816K, reserved 1179648K
  class space    used 10746K, committed 11584K, reserved 1048576K
}
Event: 3649.783 GC heap after
{Heap after GC invocations=4031 (full 9):
 PSYoungGen      total 4096K, used 1664K [0x00000000d5580000, 0x00000000d5c80000, 0x0000000100000000)
  eden space 2048K, 0% used [0x00000000d5580000,0x00000000d5580000,0x00000000d5780000)
  from space 2048K, 81% used [0x00000000d5980000,0x00000000d5b20000,0x00000000d5b80000)
  to   space 1024K, 0% used [0x00000000d5b80000,0x00000000d5b80000,0x00000000d5c80000)
 ParOldGen       total 182784K, used 177256K [0x0000000080000000, 0x000000008b280000, 0x00000000d5580000)
  object space 182784K, 96% used [0x0000000080000000,0x000000008ad1a298,0x000000008b280000)
 Metaspace       used 97077K, committed 98816K, reserved 1179648K
  class space    used 10746K, committed 11584K, reserved 1048576K
}
Event: 3649.791 GC heap before
{Heap before GC invocations=4032 (full 9):
 PSYoungGen      total 4096K, used 3619K [0x00000000d5580000, 0x00000000d5c80000, 0x0000000100000000)
  eden space 2048K, 95% used [0x00000000d5580000,0x00000000d5768ee0,0x00000000d5780000)
  from space 2048K, 81% used [0x00000000d5980000,0x00000000d5b20000,0x00000000d5b80000)
  to   space 1024K, 0% used [0x00000000d5b80000,0x00000000d5b80000,0x00000000d5c80000)
 ParOldGen       total 182784K, used 177256K [0x0000000080000000, 0x000000008b280000, 0x00000000d5580000)
  object space 182784K, 96% used [0x0000000080000000,0x000000008ad1a298,0x000000008b280000)
 Metaspace       used 97077K, committed 98816K, reserved 1179648K
  class space    used 10746K, committed 11584K, reserved 1048576K
}
Event: 3649.793 GC heap after
{Heap after GC invocations=4032 (full 9):
 PSYoungGen      total 3584K, used 1011K [0x00000000d5580000, 0x00000000d5f00000, 0x0000000100000000)
  eden space 2560K, 0% used [0x00000000d5580000,0x00000000d5580000,0x00000000d5800000)
  from space 1024K, 98% used [0x00000000d5b80000,0x00000000d5c7cd00,0x00000000d5c80000)
  to   space 3584K, 0% used [0x00000000d5800000,0x00000000d5800000,0x00000000d5b80000)
 ParOldGen       total 182784K, used 179280K [0x0000000080000000, 0x000000008b280000, 0x00000000d5580000)
  object space 182784K, 98% used [0x0000000080000000,0x000000008af14298,0x000000008b280000)
 Metaspace       used 97077K, committed 98816K, reserved 1179648K
  class space    used 10746K, committed 11584K, reserved 1048576K
}
Event: 3649.801 GC heap before
{Heap before GC invocations=4033 (full 9):
 PSYoungGen      total 3584K, used 2824K [0x00000000d5580000, 0x00000000d5f00000, 0x0000000100000000)
  eden space 2560K, 70% used [0x00000000d5580000,0x00000000d5745618,0x00000000d5800000)
  from space 1024K, 98% used [0x00000000d5b80000,0x00000000d5c7cd00,0x00000000d5c80000)
  to   space 3584K, 0% used [0x00000000d5800000,0x00000000d5800000,0x00000000d5b80000)
 ParOldGen       total 182784K, used 179280K [0x0000000080000000, 0x000000008b280000, 0x00000000d5580000)
  object space 182784K, 98% used [0x0000000080000000,0x000000008af14298,0x000000008b280000)
 Metaspace       used 97077K, committed 98816K, reserved 1179648K
  class space    used 10746K, committed 11584K, reserved 1048576K
}
Event: 3649.802 GC heap after
{Heap after GC invocations=4033 (full 9):
 PSYoungGen      total 4608K, used 2022K [0x00000000d5580000, 0x00000000d5d80000, 0x0000000100000000)
  eden space 2560K, 0% used [0x00000000d5580000,0x00000000d5580000,0x00000000d5800000)
  from space 2048K, 98% used [0x00000000d5800000,0x00000000d59f9a00,0x00000000d5a00000)
  to   space 2560K, 0% used [0x00000000d5b00000,0x00000000d5b00000,0x00000000d5d80000)
 ParOldGen       total 182784K, used 179864K [0x0000000080000000, 0x000000008b280000, 0x00000000d5580000)
  object space 182784K, 98% used [0x0000000080000000,0x000000008afa6298,0x000000008b280000)
 Metaspace       used 97077K, committed 98816K, reserved 1179648K
  class space    used 10746K, committed 11584K, reserved 1048576K
}
Event: 3649.827 GC heap before
{Heap before GC invocations=4034 (full 9):
 PSYoungGen      total 4608K, used 4555K [0x00000000d5580000, 0x00000000d5d80000, 0x0000000100000000)
  eden space 2560K, 98% used [0x00000000d5580000,0x00000000d57f94d0,0x00000000d5800000)
  from space 2048K, 98% used [0x00000000d5800000,0x00000000d59f9a00,0x00000000d5a00000)
  to   space 2560K, 0% used [0x00000000d5b00000,0x00000000d5b00000,0x00000000d5d80000)
 ParOldGen       total 182784K, used 179864K [0x0000000080000000, 0x000000008b280000, 0x00000000d5580000)
  object space 182784K, 98% used [0x0000000080000000,0x000000008afa6298,0x000000008b280000)
 Metaspace       used 97077K, committed 98816K, reserved 1179648K
  class space    used 10746K, committed 11584K, reserved 1048576K
}
Event: 3649.829 GC heap after
{Heap after GC invocations=4034 (full 9):
 PSYoungGen      total 4096K, used 2550K [0x00000000d5580000, 0x00000000d6000000, 0x0000000100000000)
  eden space 1536K, 0% used [0x00000000d5580000,0x00000000d5580000,0x00000000d5700000)
  from space 2560K, 99% used [0x00000000d5b00000,0x00000000d5d7dbe8,0x00000000d5d80000)
  to   space 4096K, 0% used [0x00000000d5700000,0x00000000d5700000,0x00000000d5b00000)
 ParOldGen       total 182784K, used 180792K [0x0000000080000000, 0x000000008b280000, 0x00000000d5580000)
  object space 182784K, 98% used [0x0000000080000000,0x000000008b08e298,0x000000008b280000)
 Metaspace       used 97077K, committed 98816K, reserved 1179648K
  class space    used 10746K, committed 11584K, reserved 1048576K
}
Event: 3649.831 GC heap before
{Heap before GC invocations=4035 (full 9):
 PSYoungGen      total 4096K, used 4086K [0x00000000d5580000, 0x00000000d6000000, 0x0000000100000000)
  eden space 1536K, 100% used [0x00000000d5580000,0x00000000d5700000,0x00000000d5700000)
  from space 2560K, 99% used [0x00000000d5b00000,0x00000000d5d7dbe8,0x00000000d5d80000)
  to   space 4096K, 0% used [0x00000000d5700000,0x00000000d5700000,0x00000000d5b00000)
 ParOldGen       total 182784K, used 180792K [0x0000000080000000, 0x000000008b280000, 0x00000000d5580000)
  object space 182784K, 98% used [0x0000000080000000,0x000000008b08e298,0x000000008b280000)
 Metaspace       used 97077K, committed 98816K, reserved 1179648K
  class space    used 10746K, committed 11584K, reserved 1048576K
}
Event: 3649.833 GC heap after
{Heap after GC invocations=4035 (full 9):
 PSYoungGen      total 3584K, used 1737K [0x00000000d5580000, 0x00000000d5c80000, 0x0000000100000000)
  eden space 1536K, 0% used [0x00000000d5580000,0x00000000d5580000,0x00000000d5700000)
  from space 2048K, 84% used [0x00000000d5700000,0x00000000d58b27e8,0x00000000d5900000)
  to   space 2560K, 0% used [0x00000000d5a00000,0x00000000d5a00000,0x00000000d5c80000)
 ParOldGen       total 183808K, used 183311K [0x0000000080000000, 0x000000008b380000, 0x00000000d5580000)
  object space 183808K, 99% used [0x0000000080000000,0x000000008b303e80,0x000000008b380000)
 Metaspace       used 97077K, committed 98816K, reserved 1179648K
  class space    used 10746K, committed 11584K, reserved 1048576K
}
Event: 3649.835 GC heap before
{Heap before GC invocations=4036 (full 9):
 PSYoungGen      total 3584K, used 3273K [0x00000000d5580000, 0x00000000d5c80000, 0x0000000100000000)
  eden space 1536K, 100% used [0x00000000d5580000,0x00000000d5700000,0x00000000d5700000)
  from space 2048K, 84% used [0x00000000d5700000,0x00000000d58b27e8,0x00000000d5900000)
  to   space 2560K, 0% used [0x00000000d5a00000,0x00000000d5a00000,0x00000000d5c80000)
 ParOldGen       total 183808K, used 183311K [0x0000000080000000, 0x000000008b380000, 0x00000000d5580000)
  object space 183808K, 99% used [0x0000000080000000,0x000000008b303e80,0x000000008b380000)
 Metaspace       used 97077K, committed 98816K, reserved 1179648K
  class space    used 10746K, committed 11584K, reserved 1048576K
}
Event: 3649.837 GC heap after
{Heap after GC invocations=4036 (full 9):
 PSYoungGen      total 4096K, used 1760K [0x00000000d5580000, 0x00000000d5c00000, 0x0000000100000000)
  eden space 2048K, 0% used [0x00000000d5580000,0x00000000d5580000,0x00000000d5780000)
  from space 2048K, 85% used [0x00000000d5a00000,0x00000000d5bb8000,0x00000000d5c00000)
  to   space 2048K, 0% used [0x00000000d5800000,0x00000000d5800000,0x00000000d5a00000)
 ParOldGen       total 185344K, used 184889K [0x0000000080000000, 0x000000008b500000, 0x00000000d5580000)
  object space 185344K, 99% used [0x0000000080000000,0x000000008b48e668,0x000000008b500000)
 Metaspace       used 97077K, committed 98816K, reserved 1179648K
  class space    used 10746K, committed 11584K, reserved 1048576K
}
Event: 3649.840 GC heap before
{Heap before GC invocations=4037 (full 9):
 PSYoungGen      total 4096K, used 3807K [0x00000000d5580000, 0x00000000d5c00000, 0x0000000100000000)
  eden space 2048K, 99% used [0x00000000d5580000,0x00000000d577ffe0,0x00000000d5780000)
  from space 2048K, 85% used [0x00000000d5a00000,0x00000000d5bb8000,0x00000000d5c00000)
  to   space 2048K, 0% used [0x00000000d5800000,0x00000000d5800000,0x00000000d5a00000)
 ParOldGen       total 185344K, used 184889K [0x0000000080000000, 0x000000008b500000, 0x00000000d5580000)
  object space 185344K, 99% used [0x0000000080000000,0x000000008b48e668,0x000000008b500000)
 Metaspace       used 97077K, committed 98816K, reserved 1179648K
  class space    used 10746K, committed 11584K, reserved 1048576K
}
Event: 3649.841 GC heap after
{Heap after GC invocations=4037 (full 9):
 PSYoungGen      total 4608K, used 2048K [0x00000000d5580000, 0x00000000d6000000, 0x0000000100000000)
  eden space 2560K, 0% used [0x00000000d5580000,0x00000000d5580000,0x00000000d5800000)
  from space 2048K, 100% used [0x00000000d5800000,0x00000000d5a00000,0x00000000d5a00000)
  to   space 4096K, 0% used [0x00000000d5c00000,0x00000000d5c00000,0x00000000d6000000)
 ParOldGen       total 186880K, used 186481K [0x0000000080000000, 0x000000008b680000, 0x00000000d5580000)
  object space 186880K, 99% used [0x0000000080000000,0x000000008b61c668,0x000000008b680000)
 Metaspace       used 97077K, committed 98816K, reserved 1179648K
  class space    used 10746K, committed 11584K, reserved 1048576K
}
Event: 3649.845 GC heap before
{Heap before GC invocations=4038 (full 9):
 PSYoungGen      total 4608K, used 4586K [0x00000000d5580000, 0x00000000d6000000, 0x0000000100000000)
  eden space 2560K, 99% used [0x00000000d5580000,0x00000000d57fab00,0x00000000d5800000)
  from space 2048K, 100% used [0x00000000d5800000,0x00000000d5a00000,0x00000000d5a00000)
  to   space 4096K, 0% used [0x00000000d5c00000,0x00000000d5c00000,0x00000000d6000000)
 ParOldGen       total 186880K, used 186481K [0x0000000080000000, 0x000000008b680000, 0x00000000d5580000)
  object space 186880K, 99% used [0x0000000080000000,0x000000008b61c668,0x000000008b680000)
 Metaspace       used 97077K, committed 98816K, reserved 1179648K
  class space    used 10746K, committed 11584K, reserved 1048576K
}
Event: 3649.847 GC heap after
{Heap after GC invocations=4038 (full 9):
 PSYoungGen      total 6144K, used 2649K [0x00000000d5580000, 0x00000000d5f00000, 0x0000000100000000)
  eden space 3072K, 0% used [0x00000000d5580000,0x00000000d5580000,0x00000000d5880000)
  from space 3072K, 86% used [0x00000000d5c00000,0x00000000d5e96500,0x00000000d5f00000)
  to   space 3072K, 0% used [0x00000000d5900000,0x00000000d5900000,0x00000000d5c00000)
 ParOldGen       total 188928K, used 188505K [0x0000000080000000, 0x000000008b880000, 0x00000000d5580000)
  object space 188928K, 99% used [0x0000000080000000,0x000000008b816668,0x000000008b880000)
 Metaspace       used 97077K, committed 98816K, reserved 1179648K
  class space    used 10746K, committed 11584K, reserved 1048576K
}
Event: 3649.868 GC heap before
{Heap before GC invocations=4039 (full 9):
 PSYoungGen      total 6144K, used 5721K [0x00000000d5580000, 0x00000000d5f00000, 0x0000000100000000)
  eden space 3072K, 100% used [0x00000000d5580000,0x00000000d5880000,0x00000000d5880000)
  from space 3072K, 86% used [0x00000000d5c00000,0x00000000d5e96500,0x00000000d5f00000)
  to   space 3072K, 0% used [0x00000000d5900000,0x00000000d5900000,0x00000000d5c00000)
 ParOldGen       total 188928K, used 188505K [0x0000000080000000, 0x000000008b880000, 0x00000000d5580000)
  object space 188928K, 99% used [0x0000000080000000,0x000000008b816668,0x000000008b880000)
 Metaspace       used 97077K, committed 98816K, reserved 1179648K
  class space    used 10746K, committed 11584K, reserved 1048576K
}
Event: 3649.870 GC heap after
{Heap after GC invocations=4039 (full 9):
 PSYoungGen      total 6656K, used 2392K [0x00000000d5580000, 0x00000000d5e80000, 0x0000000100000000)
  eden space 3584K, 0% used [0x00000000d5580000,0x00000000d5580000,0x00000000d5900000)
  from space 3072K, 77% used [0x00000000d5900000,0x00000000d5b56000,0x00000000d5c00000)
  to   space 2560K, 0% used [0x00000000d5c00000,0x00000000d5c00000,0x00000000d5e80000)
 ParOldGen       total 190976K, used 190897K [0x0000000080000000, 0x000000008ba80000, 0x00000000d5580000)
  object space 190976K, 99% used [0x0000000080000000,0x000000008ba6c668,0x000000008ba80000)
 Metaspace       used 97077K, committed 98816K, reserved 1179648K
  class space    used 10746K, committed 11584K, reserved 1048576K
}
Event: 3649.874 GC heap before
{Heap before GC invocations=4040 (full 9):
 PSYoungGen      total 6656K, used 5927K [0x00000000d5580000, 0x00000000d5e80000, 0x0000000100000000)
  eden space 3584K, 98% used [0x00000000d5580000,0x00000000d58f3de8,0x00000000d5900000)
  from space 3072K, 77% used [0x00000000d5900000,0x00000000d5b56000,0x00000000d5c00000)
  to   space 2560K, 0% used [0x00000000d5c00000,0x00000000d5c00000,0x00000000d5e80000)
 ParOldGen       total 190976K, used 190897K [0x0000000080000000, 0x000000008ba80000, 0x00000000d5580000)
  object space 190976K, 99% used [0x0000000080000000,0x000000008ba6c668,0x000000008ba80000)
 Metaspace       used 97077K, committed 98816K, reserved 1179648K
  class space    used 10746K, committed 11584K, reserved 1048576K
}

