# JRE version: Java(TM) SE Runtime Environment (21.0.7+8) (build 21.0.7+8-LTS-245)
# Java VM: Java HotSpot(TM) 64-Bit Server VM (21.0.7+8-LTS-245, mixed mode, sharing, tiered, compressed oops, compressed class ptrs, g1 gc, windows-amd64)
GC Precious Log:
 CardTable entry size: 512
 Card Set container configuration: InlinePtr #cards 4 size 8 Array Of Cards #cards 32 size 80 Howl #buckets 8 coarsen threshold 7372 Howl Bitmap #cards 1024 size 144 coarsen threshold 921 Card regions per heap region 1 cards per card region 8192
 CPUs: 16 total, 16 available
 Memory: 32668M
 Large Page Support: Disabled
 NUMA Support: Disabled
 Compressed Oops: Enabled (Zero based)
 Heap Region Size: 4M
 Heap Min Capacity: 8M
 Heap Initial Capacity: 512M
 Heap Max Capacity: 8168M
 Pre-touch: Disabled
 Parallel Workers: 13
 Concurrent Workers: 3
 Concurrent Refinement Workers: 13
 Periodic GC: Disabled
Heap:
 garbage-first heap   total 86016K, used 46588K [0x0000000601800000, 0x0000000800000000)
  region size 4096K, 9 young (36864K), 2 survivors (8192K)
 Metaspace       used 49102K, committed 49664K, reserved 1114112K
  class space    used 6514K, committed 6784K, reserved 1048576K
GC Heap History (14 events):
Event: 0.645 GC heap before
{Heap before GC invocations=0 (full 0):
 garbage-first heap   total 524288K, used 24576K [0x0000000601800000, 0x0000000800000000)
  region size 4096K, 6 young (24576K), 0 survivors (0K)
 Metaspace       used 5554K, committed 5760K, reserved 1114112K
  class space    used 677K, committed 768K, reserved 1048576K
}
Event: 0.648 GC heap after
{Heap after GC invocations=1 (full 0):
 garbage-first heap   total 524288K, used 5514K [0x0000000601800000, 0x0000000800000000)
  region size 4096K, 1 young (4096K), 1 survivors (4096K)
 Metaspace       used 5554K, committed 5760K, reserved 1114112K
  class space    used 677K, committed 768K, reserved 1048576K
}
Event: 1.204 GC heap before
{Heap before GC invocations=1 (full 0):
 garbage-first heap   total 524288K, used 30090K [0x0000000601800000, 0x0000000800000000)
  region size 4096K, 7 young (28672K), 1 survivors (4096K)
 Metaspace       used 11541K, committed 11776K, reserved 1114112K
  class space    used 1502K, committed 1600K, reserved 1048576K
}
Event: 1.207 GC heap after
{Heap after GC invocations=2 (full 0):
 garbage-first heap   total 524288K, used 7320K [0x0000000601800000, 0x0000000800000000)
  region size 4096K, 1 young (4096K), 1 survivors (4096K)
 Metaspace       used 11541K, committed 11776K, reserved 1114112K
  class space    used 1502K, committed 1600K, reserved 1048576K
}
Event: 2.475 GC heap before
{Heap before GC invocations=2 (full 0):
 garbage-first heap   total 524288K, used 56472K [0x0000000601800000, 0x0000000800000000)
  region size 4096K, 14 young (57344K), 1 survivors (4096K)
 Metaspace       used 21137K, committed 21504K, reserved 1114112K
  class space    used 2603K, committed 2816K, reserved 1048576K
}
Event: 2.478 GC heap after
{Heap after GC invocations=3 (full 0):
 garbage-first heap   total 524288K, used 11749K [0x0000000601800000, 0x0000000800000000)
  region size 4096K, 2 young (8192K), 2 survivors (8192K)
 Metaspace       used 21137K, committed 21504K, reserved 1114112K
  class space    used 2603K, committed 2816K, reserved 1048576K
}
Event: 3.685 GC heap before
{Heap before GC invocations=4 (full 0):
 garbage-first heap   total 69632K, used 64997K [0x0000000601800000, 0x0000000800000000)
  region size 4096K, 15 young (61440K), 2 survivors (8192K)
 Metaspace       used 33083K, committed 33600K, reserved 1114112K
  class space    used 3935K, committed 4160K, reserved 1048576K
}
Event: 3.691 GC heap after
{Heap after GC invocations=5 (full 0):
 garbage-first heap   total 86016K, used 18003K [0x0000000601800000, 0x0000000800000000)
  region size 4096K, 4 young (16384K), 4 survivors (16384K)
 Metaspace       used 33083K, committed 33600K, reserved 1114112K
  class space    used 3935K, committed 4160K, reserved 1048576K
}
Event: 4.256 GC heap before
{Heap before GC invocations=5 (full 0):
 garbage-first heap   total 86016K, used 30291K [0x0000000601800000, 0x0000000800000000)
  region size 4096K, 8 young (32768K), 4 survivors (16384K)
 Metaspace       used 35590K, committed 36096K, reserved 1114112K
  class space    used 4274K, committed 4544K, reserved 1048576K
}
Event: 4.261 GC heap after
{Heap after GC invocations=6 (full 0):
 garbage-first heap   total 86016K, used 19563K [0x0000000601800000, 0x0000000800000000)
  region size 4096K, 1 young (4096K), 1 survivors (4096K)
 Metaspace       used 35590K, committed 36096K, reserved 1114112K
  class space    used 4274K, committed 4544K, reserved 1048576K
}
Event: 4.267 GC heap before
{Heap before GC invocations=6 (full 0):
 garbage-first heap   total 86016K, used 19563K [0x0000000601800000, 0x0000000800000000)
  region size 4096K, 2 young (8192K), 1 survivors (4096K)
 Metaspace       used 35946K, committed 36416K, reserved 1114112K
  class space    used 4310K, committed 4544K, reserved 1048576K
}
Event: 4.268 GC heap after
{Heap after GC invocations=7 (full 0):
 garbage-first heap   total 86016K, used 18540K [0x0000000601800000, 0x0000000800000000)
  region size 4096K, 1 young (4096K), 1 survivors (4096K)
 Metaspace       used 35946K, committed 36416K, reserved 1114112K
  class space    used 4310K, committed 4544K, reserved 1048576K
}
Event: 6.051 GC heap before
{Heap before GC invocations=8 (full 0):
 garbage-first heap   total 86016K, used 63596K [0x0000000601800000, 0x0000000800000000)
  region size 4096K, 12 young (49152K), 1 survivors (4096K)
 Metaspace       used 46158K, committed 46784K, reserved 1114112K
  class space    used 6248K, committed 6528K, reserved 1048576K
}
Event: 6.057 GC heap after
{Heap after GC invocations=9 (full 0):
 garbage-first heap   total 86016K, used 26108K [0x0000000601800000, 0x0000000800000000)
  region size 4096K, 2 young (8192K), 2 survivors (8192K)
 Metaspace       used 46158K, committed 46784K, reserved 1114112K
  class space    used 6248K, committed 6528K, reserved 1048576K
}

